Analysis & Synthesis report for Lab6
Tue Dec 08 00:08:09 2020
Quartus II 64-Bit Version 13.0.1 Build 232 06/12/2013 Service Pack 1 SJ Web Edition


---------------------
; Table of Contents ;
---------------------
  1. Legal Notice
  2. Analysis & Synthesis Summary
  3. Analysis & Synthesis Settings
  4. Parallel Compilation
  5. Analysis & Synthesis Source Files Read
  6. Analysis & Synthesis Resource Usage Summary
  7. Analysis & Synthesis Resource Utilization by Entity
  8. State Machine - |Block3|FSM:inst15|yfsm
  9. Registers Removed During Synthesis
 10. General Register Statistics
 11. Elapsed Time Per Partition
 12. Analysis & Synthesis Messages



----------------
; Legal Notice ;
----------------
Copyright (C) 1991-2013 Altera Corporation
Your use of Altera Corporation's design tools, logic functions 
and other software and tools, and its AMPP partner logic 
functions, and any output files from any of the foregoing 
(including device programming or simulation files), and any 
associated documentation or information are expressly subject 
to the terms and conditions of the Altera Program License 
Subscription Agreement, Altera MegaCore Function License 
Agreement, or other applicable license agreement, including, 
without limitation, that your use is for the sole purpose of 
programming logic devices manufactured by Altera and sold by 
Altera or its authorized distributors.  Please refer to the 
applicable agreement for further details.



+--------------------------------------------------------------------------------------+
; Analysis & Synthesis Summary                                                         ;
+------------------------------------+-------------------------------------------------+
; Analysis & Synthesis Status        ; Successful - Tue Dec 08 00:08:09 2020           ;
; Quartus II 64-Bit Version          ; 13.0.1 Build 232 06/12/2013 SP 1 SJ Web Edition ;
; Revision Name                      ; Lab6                                            ;
; Top-level Entity Name              ; Block3                                          ;
; Family                             ; Cyclone II                                      ;
; Total logic elements               ; 34                                              ;
;     Total combinational functions  ; 19                                              ;
;     Dedicated logic registers      ; 18                                              ;
; Total registers                    ; 18                                              ;
; Total pins                         ; 36                                              ;
; Total virtual pins                 ; 0                                               ;
; Total memory bits                  ; 0                                               ;
; Embedded Multiplier 9-bit elements ; 0                                               ;
; Total PLLs                         ; 0                                               ;
+------------------------------------+-------------------------------------------------+


+----------------------------------------------------------------------------------------------------------------------+
; Analysis & Synthesis Settings                                                                                        ;
+----------------------------------------------------------------------------+--------------------+--------------------+
; Option                                                                     ; Setting            ; Default Value      ;
+----------------------------------------------------------------------------+--------------------+--------------------+
; Device                                                                     ; EP2C35F672C6       ;                    ;
; Top-level entity name                                                      ; Block3             ; Lab6               ;
; Family name                                                                ; Cyclone II         ; Cyclone IV GX      ;
; Use smart compilation                                                      ; Off                ; Off                ;
; Enable parallel Assembler and TimeQuest Timing Analyzer during compilation ; On                 ; On                 ;
; Enable compact report table                                                ; Off                ; Off                ;
; Restructure Multiplexers                                                   ; Auto               ; Auto               ;
; Create Debugging Nodes for IP Cores                                        ; Off                ; Off                ;
; Preserve fewer node names                                                  ; On                 ; On                 ;
; Disable OpenCore Plus hardware evaluation                                  ; Off                ; Off                ;
; Verilog Version                                                            ; Verilog_2001       ; Verilog_2001       ;
; VHDL Version                                                               ; VHDL_1993          ; VHDL_1993          ;
; State Machine Processing                                                   ; Auto               ; Auto               ;
; Safe State Machine                                                         ; Off                ; Off                ;
; Extract Verilog State Machines                                             ; On                 ; On                 ;
; Extract VHDL State Machines                                                ; On                 ; On                 ;
; Ignore Verilog initial constructs                                          ; Off                ; Off                ;
; Iteration limit for constant Verilog loops                                 ; 5000               ; 5000               ;
; Iteration limit for non-constant Verilog loops                             ; 250                ; 250                ;
; Add Pass-Through Logic to Inferred RAMs                                    ; On                 ; On                 ;
; Infer RAMs from Raw Logic                                                  ; On                 ; On                 ;
; Parallel Synthesis                                                         ; On                 ; On                 ;
; DSP Block Balancing                                                        ; Auto               ; Auto               ;
; NOT Gate Push-Back                                                         ; On                 ; On                 ;
; Power-Up Don't Care                                                        ; On                 ; On                 ;
; Remove Redundant Logic Cells                                               ; Off                ; Off                ;
; Remove Duplicate Registers                                                 ; On                 ; On                 ;
; Ignore CARRY Buffers                                                       ; Off                ; Off                ;
; Ignore CASCADE Buffers                                                     ; Off                ; Off                ;
; Ignore GLOBAL Buffers                                                      ; Off                ; Off                ;
; Ignore ROW GLOBAL Buffers                                                  ; Off                ; Off                ;
; Ignore LCELL Buffers                                                       ; Off                ; Off                ;
; Ignore SOFT Buffers                                                        ; On                 ; On                 ;
; Limit AHDL Integers to 32 Bits                                             ; Off                ; Off                ;
; Optimization Technique                                                     ; Balanced           ; Balanced           ;
; Carry Chain Length                                                         ; 70                 ; 70                 ;
; Auto Carry Chains                                                          ; On                 ; On                 ;
; Auto Open-Drain Pins                                                       ; On                 ; On                 ;
; Perform WYSIWYG Primitive Resynthesis                                      ; Off                ; Off                ;
; Auto ROM Replacement                                                       ; On                 ; On                 ;
; Auto RAM Replacement                                                       ; On                 ; On                 ;
; Auto Shift Register Replacement                                            ; Auto               ; Auto               ;
; Allow Shift Register Merging across Hierarchies                            ; Auto               ; Auto               ;
; Auto Clock Enable Replacement                                              ; On                 ; On                 ;
; Strict RAM Replacement                                                     ; Off                ; Off                ;
; Allow Synchronous Control Signals                                          ; On                 ; On                 ;
; Force Use of Synchronous Clear Signals                                     ; Off                ; Off                ;
; Auto RAM to Logic Cell Conversion                                          ; Off                ; Off                ;
; Auto Resource Sharing                                                      ; Off                ; Off                ;
; Allow Any RAM Size For Recognition                                         ; Off                ; Off                ;
; Allow Any ROM Size For Recognition                                         ; Off                ; Off                ;
; Allow Any Shift Register Size For Recognition                              ; Off                ; Off                ;
; Use LogicLock Constraints during Resource Balancing                        ; On                 ; On                 ;
; Ignore translate_off and synthesis_off directives                          ; Off                ; Off                ;
; Timing-Driven Synthesis                                                    ; Off                ; Off                ;
; Report Parameter Settings                                                  ; On                 ; On                 ;
; Report Source Assignments                                                  ; On                 ; On                 ;
; Report Connectivity Checks                                                 ; On                 ; On                 ;
; Ignore Maximum Fan-Out Assignments                                         ; Off                ; Off                ;
; Synchronization Register Chain Length                                      ; 2                  ; 2                  ;
; PowerPlay Power Optimization                                               ; Normal compilation ; Normal compilation ;
; HDL message level                                                          ; Level2             ; Level2             ;
; Suppress Register Optimization Related Messages                            ; Off                ; Off                ;
; Number of Removed Registers Reported in Synthesis Report                   ; 5000               ; 5000               ;
; Number of Swept Nodes Reported in Synthesis Report                         ; 5000               ; 5000               ;
; Number of Inverted Registers Reported in Synthesis Report                  ; 100                ; 100                ;
; Clock MUX Protection                                                       ; On                 ; On                 ;
; Auto Gated Clock Conversion                                                ; Off                ; Off                ;
; Block Design Naming                                                        ; Auto               ; Auto               ;
; SDC constraint protection                                                  ; Off                ; Off                ;
; Synthesis Effort                                                           ; Auto               ; Auto               ;
; Shift Register Replacement - Allow Asynchronous Clear Signal               ; On                 ; On                 ;
; Pre-Mapping Resynthesis Optimization                                       ; Off                ; Off                ;
; Analysis & Synthesis Message Level                                         ; Medium             ; Medium             ;
; Disable Register Merging Across Hierarchies                                ; Auto               ; Auto               ;
; Resource Aware Inference For Block RAM                                     ; On                 ; On                 ;
; Synthesis Seed                                                             ; 1                  ; 1                  ;
+----------------------------------------------------------------------------+--------------------+--------------------+


Parallel compilation was disabled, but you have multiple processors available. Enable parallel compilation to reduce compilation time.
+-------------------------------------+
; Parallel Compilation                ;
+----------------------------+--------+
; Processors                 ; Number ;
+----------------------------+--------+
; Number detected on machine ; 8      ;
; Maximum allowed            ; 1      ;
+----------------------------+--------+


+---------------------------------------------------------------------------------------------------------------------------------------------------------------------+
; Analysis & Synthesis Source Files Read                                                                                                                              ;
+----------------------------------+-----------------+------------------------------------+-----------------------------------------------------------------+---------+
; File Name with User-Entered Path ; Used in Netlist ; File Type                          ; File Name with Absolute Path                                    ; Library ;
+----------------------------------+-----------------+------------------------------------+-----------------------------------------------------------------+---------+
; Latch1.vhd                       ; yes             ; User VHDL File                     ; C:/Users/razee/OneDrive/Desktop/COE 328/Labs/Lab 6/Latch1.vhd   ;         ;
; FSM.vhd                          ; yes             ; User VHDL File                     ; C:/Users/razee/OneDrive/Desktop/COE 328/Labs/Lab 6/FSM.vhd      ;         ;
; sseg.vhd                         ; yes             ; User VHDL File                     ; C:/Users/razee/OneDrive/Desktop/COE 328/Labs/Lab 6/sseg.vhd     ;         ;
; dec3to8.vhd                      ; yes             ; User VHDL File                     ; C:/Users/razee/OneDrive/Desktop/COE 328/Labs/Lab 6/dec3to8.vhd  ;         ;
; dec4to16.vhd                     ; yes             ; User VHDL File                     ; C:/Users/razee/OneDrive/Desktop/COE 328/Labs/Lab 6/dec4to16.vhd ;         ;
; Latch2.vhd                       ; yes             ; User VHDL File                     ; C:/Users/razee/OneDrive/Desktop/COE 328/Labs/Lab 6/Latch2.vhd   ;         ;
; ALU3.vhd                         ; yes             ; User VHDL File                     ; C:/Users/razee/OneDrive/Desktop/COE 328/Labs/Lab 6/ALU3.vhd     ;         ;
; Block3.bdf                       ; yes             ; User Block Diagram/Schematic File  ; C:/Users/razee/OneDrive/Desktop/COE 328/Labs/Lab 6/Block3.bdf   ;         ;
; sseg2.vhd                        ; yes             ; User VHDL File                     ; C:/Users/razee/OneDrive/Desktop/COE 328/Labs/Lab 6/sseg2.vhd    ;         ;
+----------------------------------+-----------------+------------------------------------+-----------------------------------------------------------------+---------+


+-----------------------------------------------------+
; Analysis & Synthesis Resource Usage Summary         ;
+---------------------------------------------+-------+
; Resource                                    ; Usage ;
+---------------------------------------------+-------+
; Estimated Total logic elements              ; 34    ;
;                                             ;       ;
; Total combinational functions               ; 19    ;
; Logic element usage by number of LUT inputs ;       ;
;     -- 4 input functions                    ; 10    ;
;     -- 3 input functions                    ; 7     ;
;     -- <=2 input functions                  ; 2     ;
;                                             ;       ;
; Logic elements by mode                      ;       ;
;     -- normal mode                          ; 19    ;
;     -- arithmetic mode                      ; 0     ;
;                                             ;       ;
; Total registers                             ; 18    ;
;     -- Dedicated logic registers            ; 18    ;
;     -- I/O registers                        ; 0     ;
;                                             ;       ;
; I/O pins                                    ; 36    ;
; Embedded Multiplier 9-bit elements          ; 0     ;
; Maximum fan-out node                        ; Clock ;
; Maximum fan-out                             ; 18    ;
; Total fan-out                               ; 137   ;
; Average fan-out                             ; 1.88  ;
+---------------------------------------------+-------+


+-----------------------------------------------------------------------------------------------------------------------------------------------------------------------------+
; Analysis & Synthesis Resource Utilization by Entity                                                                                                                         ;
+----------------------------+-------------------+--------------+-------------+--------------+---------+-----------+------+--------------+---------------------+--------------+
; Compilation Hierarchy Node ; LC Combinationals ; LC Registers ; Memory Bits ; DSP Elements ; DSP 9x9 ; DSP 18x18 ; Pins ; Virtual Pins ; Full Hierarchy Name ; Library Name ;
+----------------------------+-------------------+--------------+-------------+--------------+---------+-----------+------+--------------+---------------------+--------------+
; |Block3                    ; 19 (0)            ; 18 (0)       ; 0           ; 0            ; 0       ; 0         ; 36   ; 0            ; |Block3             ; work         ;
;    |ALU3:inst1|            ; 7 (7)             ; 1 (1)        ; 0           ; 0            ; 0       ; 0         ; 0    ; 0            ; |Block3|ALU3:inst1  ; work         ;
;    |FSM:inst15|            ; 5 (5)             ; 9 (9)        ; 0           ; 0            ; 0       ; 0         ; 0    ; 0            ; |Block3|FSM:inst15  ; work         ;
;    |Latch2:inst|           ; 0 (0)             ; 8 (8)        ; 0           ; 0            ; 0       ; 0         ; 0    ; 0            ; |Block3|Latch2:inst ; work         ;
;    |sseg:inst14|           ; 7 (7)             ; 0 (0)        ; 0           ; 0            ; 0       ; 0         ; 0    ; 0            ; |Block3|sseg:inst14 ; work         ;
+----------------------------+-------------------+--------------+-------------+--------------+---------+-----------+------+--------------+---------------------+--------------+
Note: For table entries with two numbers listed, the numbers in parentheses indicate the number of resources of the given type used by the specific entity alone. The numbers listed outside of parentheses indicate the total resources of the given type used by the specific entity and all of its sub-entities in the hierarchy.


Encoding Type:  One-Hot
+---------------------------------------------------------------------------------------------------+
; State Machine - |Block3|FSM:inst15|yfsm                                                           ;
+---------+---------+---------+---------+---------+---------+---------+---------+---------+---------+
; Name    ; yfsm.s8 ; yfsm.s7 ; yfsm.s6 ; yfsm.s5 ; yfsm.s4 ; yfsm.s3 ; yfsm.s2 ; yfsm.s1 ; yfsm.s0 ;
+---------+---------+---------+---------+---------+---------+---------+---------+---------+---------+
; yfsm.s0 ; 0       ; 0       ; 0       ; 0       ; 0       ; 0       ; 0       ; 0       ; 0       ;
; yfsm.s1 ; 0       ; 0       ; 0       ; 0       ; 0       ; 0       ; 0       ; 1       ; 1       ;
; yfsm.s2 ; 0       ; 0       ; 0       ; 0       ; 0       ; 0       ; 1       ; 0       ; 1       ;
; yfsm.s3 ; 0       ; 0       ; 0       ; 0       ; 0       ; 1       ; 0       ; 0       ; 1       ;
; yfsm.s4 ; 0       ; 0       ; 0       ; 0       ; 1       ; 0       ; 0       ; 0       ; 1       ;
; yfsm.s5 ; 0       ; 0       ; 0       ; 1       ; 0       ; 0       ; 0       ; 0       ; 1       ;
; yfsm.s6 ; 0       ; 0       ; 1       ; 0       ; 0       ; 0       ; 0       ; 0       ; 1       ;
; yfsm.s7 ; 0       ; 1       ; 0       ; 0       ; 0       ; 0       ; 0       ; 0       ; 1       ;
; yfsm.s8 ; 1       ; 0       ; 0       ; 0       ; 0       ; 0       ; 0       ; 0       ; 1       ;
+---------+---------+---------+---------+---------+---------+---------+---------+---------+---------+


+--------------------------------------------------------------------------------+
; Registers Removed During Synthesis                                             ;
+---------------------------------------+----------------------------------------+
; Register name                         ; Reason for Removal                     ;
+---------------------------------------+----------------------------------------+
; ALU3:inst1|Result[0..2]               ; Stuck at GND due to stuck port data_in ;
; Total Number of Removed Registers = 3 ;                                        ;
+---------------------------------------+----------------------------------------+


+------------------------------------------------------+
; General Register Statistics                          ;
+----------------------------------------------+-------+
; Statistic                                    ; Value ;
+----------------------------------------------+-------+
; Total registers                              ; 18    ;
; Number of registers using Synchronous Clear  ; 0     ;
; Number of registers using Synchronous Load   ; 0     ;
; Number of registers using Asynchronous Clear ; 17    ;
; Number of registers using Asynchronous Load  ; 0     ;
; Number of registers using Clock Enable       ; 9     ;
; Number of registers using Preset             ; 0     ;
+----------------------------------------------+-------+


+-------------------------------+
; Elapsed Time Per Partition    ;
+----------------+--------------+
; Partition Name ; Elapsed Time ;
+----------------+--------------+
; Top            ; 00:00:00     ;
+----------------+--------------+


+-------------------------------+
; Analysis & Synthesis Messages ;
+-------------------------------+
Info: *******************************************************************
Info: Running Quartus II 64-Bit Analysis & Synthesis
    Info: Version 13.0.1 Build 232 06/12/2013 Service Pack 1 SJ Web Edition
    Info: Processing started: Tue Dec 08 00:08:07 2020
Info: Command: quartus_map --read_settings_files=on --write_settings_files=off Lab6 -c Lab6
Warning (20028): Parallel compilation is not licensed and has been disabled
Info (12021): Found 2 design units, including 1 entities, in source file alu1.vhd
    Info (12022): Found design unit 1: ALU1-calculation
    Info (12023): Found entity 1: ALU1
Info (12021): Found 2 design units, including 1 entities, in source file latch1.vhd
    Info (12022): Found design unit 1: Latch1-Behaviour
    Info (12023): Found entity 1: Latch1
Info (12021): Found 2 design units, including 1 entities, in source file fsm.vhd
    Info (12022): Found design unit 1: FSM-machine
    Info (12023): Found entity 1: FSM
Info (12021): Found 2 design units, including 1 entities, in source file sseg.vhd
    Info (12022): Found design unit 1: sseg-Behavior
    Info (12023): Found entity 1: sseg
Info (12021): Found 2 design units, including 1 entities, in source file dec3to8.vhd
    Info (12022): Found design unit 1: dec3to8-Behaviour
    Info (12023): Found entity 1: dec3to8
Info (12021): Found 2 design units, including 1 entities, in source file dec4to16.vhd
    Info (12022): Found design unit 1: dec4to16-Behaviour
    Info (12023): Found entity 1: dec4to16
Info (12021): Found 2 design units, including 1 entities, in source file latch2.vhd
    Info (12022): Found design unit 1: Latch2-Behaviour
    Info (12023): Found entity 1: Latch2
Info (12021): Found 1 design units, including 1 entities, in source file block.bdf
    Info (12023): Found entity 1: Block
Info (12021): Found 2 design units, including 1 entities, in source file alu2.vhd
    Info (12022): Found design unit 1: ALU2-tasks
    Info (12023): Found entity 1: ALU2
Info (12021): Found 1 design units, including 1 entities, in source file block2.bdf
    Info (12023): Found entity 1: Block2
Info (12021): Found 2 design units, including 1 entities, in source file alu3.vhd
    Info (12022): Found design unit 1: ALU3-calculation
    Info (12023): Found entity 1: ALU3
Info (12021): Found 1 design units, including 1 entities, in source file block3.bdf
    Info (12023): Found entity 1: Block3
Info (12021): Found 2 design units, including 1 entities, in source file sseg2.vhd
    Info (12022): Found design unit 1: sseg2-Behavior
    Info (12023): Found entity 1: sseg2
Info (12127): Elaborating entity "Block3" for the top level hierarchy
Warning (275008): Primitive "GND" of instance "inst10" not used
Info (12128): Elaborating entity "sseg2" for hierarchy "sseg2:inst12"
Info (12128): Elaborating entity "ALU3" for hierarchy "ALU3:inst1"
Warning (10541): VHDL Signal Declaration warning at ALU3.vhd(11): used implicit default value for signal "Neg" because signal was never assigned a value or an explicit default value. Use of implicit default value may introduce unintended design optimizations.
Warning (10541): VHDL Signal Declaration warning at ALU3.vhd(12): used implicit default value for signal "R1" because signal was never assigned a value or an explicit default value. Use of implicit default value may introduce unintended design optimizations.
Warning (10541): VHDL Signal Declaration warning at ALU3.vhd(13): used implicit default value for signal "R2" because signal was never assigned a value or an explicit default value. Use of implicit default value may introduce unintended design optimizations.
Warning (10036): Verilog HDL or VHDL warning at ALU3.vhd(18): object "Reg1" assigned a value but never read
Info (12128): Elaborating entity "Latch1" for hierarchy "Latch1:inst3"
Info (12128): Elaborating entity "Latch2" for hierarchy "Latch2:inst"
Info (12128): Elaborating entity "dec4to16" for hierarchy "dec4to16:inst16"
Info (12128): Elaborating entity "dec3to8" for hierarchy "dec4to16:inst16|dec3to8:dec0"
Info (12128): Elaborating entity "FSM" for hierarchy "FSM:inst15"
Info (12128): Elaborating entity "sseg" for hierarchy "sseg:inst14"
Warning (10492): VHDL Process Statement warning at sseg.vhd(13): signal "negativein" is read inside the Process Statement but isn't in the Process Statement's sensitivity list
Warning (13024): Output pins are stuck at VCC or GND
    Warning (13410): Pin "R[0]" is stuck at GND
    Warning (13410): Pin "R[4]" is stuck at GND
Info (16010): Generating hard_block partition "hard_block:auto_generated_inst"
    Info (16011): Adding 0 node(s), including 0 DDIO, 0 PLL, 0 transceiver and 0 LCELL
Warning (21074): Design contains 9 input pin(s) that do not drive logic
    Warning (15610): No output dependent on input pin "Reset_A"
    Warning (15610): No output dependent on input pin "A[7]"
    Warning (15610): No output dependent on input pin "A[6]"
    Warning (15610): No output dependent on input pin "A[5]"
    Warning (15610): No output dependent on input pin "A[4]"
    Warning (15610): No output dependent on input pin "A[3]"
    Warning (15610): No output dependent on input pin "A[2]"
    Warning (15610): No output dependent on input pin "A[1]"
    Warning (15610): No output dependent on input pin "A[0]"
Info (21057): Implemented 70 device resources after synthesis - the final resource count might be different
    Info (21058): Implemented 22 input pins
    Info (21059): Implemented 14 output pins
    Info (21061): Implemented 34 logic cells
Info: Quartus II 64-Bit Analysis & Synthesis was successful. 0 errors, 20 warnings
    Info: Peak virtual memory: 4657 megabytes
    Info: Processing ended: Tue Dec 08 00:08:09 2020
    Info: Elapsed time: 00:00:02
    Info: Total CPU time (on all processors): 00:00:02


